=/pretest.json
{
  _: [],
  f: [
    '/home/runner/work/exp-diffusivity-of-one-liquid-in-the-other-iitb/exp-diffusivity-of-one-liquid-in-the-other-iitb/experiment/pretest.json'
  ],
  files: [
    '/home/runner/work/exp-diffusivity-of-one-liquid-in-the-other-iitb/exp-diffusivity-of-one-liquid-in-the-other-iitb/experiment/pretest.json'
  ],
  c: 'assessment',
  contentTypes: 'assessment',
  'content-types': 'assessment',
  '$0': 'validate'
}
Validated true
=/posttest.json
{
  _: [],
  f: [
    '/home/runner/work/exp-diffusivity-of-one-liquid-in-the-other-iitb/exp-diffusivity-of-one-liquid-in-the-other-iitb/experiment/posttest.json'
  ],
  files: [
    '/home/runner/work/exp-diffusivity-of-one-liquid-in-the-other-iitb/exp-diffusivity-of-one-liquid-in-the-other-iitb/experiment/posttest.json'
  ],
  c: 'assessment',
  contentTypes: 'assessment',
  'content-types': 'assessment',
  '$0': 'validate'
}
Validated true
